\BOOKMARK [1][-]{section.1}{Introduzione Analisi Complessa}{}% 1
\BOOKMARK [1][-]{section.2}{Limiti}{}% 2
\BOOKMARK [2][-]{subsubsection.2.0.1}{Infinito nei complessi}{section.2}% 3
\BOOKMARK [2][-]{subsection.2.1}{Derivabilit\340}{section.2}% 4
\BOOKMARK [1][-]{section.3}{Funzioni olomorfe}{}% 5
\BOOKMARK [2][-]{subsection.3.1}{Invertibilit\340 locale}{section.3}% 6
\BOOKMARK [2][-]{subsection.3.2}{Ricerca delle primitive - antiderivazione}{section.3}% 7
\BOOKMARK [1][-]{section.4}{Funzioni analitiche in campo complesso}{}% 8
\BOOKMARK [2][-]{subsection.4.1}{Serie di potenze in C}{section.4}% 9
\BOOKMARK [2][-]{subsection.4.2}{Un altro modo di calcolare i coefficienti ck}{section.4}% 10
\BOOKMARK [2][-]{subsection.4.3}{Analiticit\340 e olomorfia}{section.4}% 11
\BOOKMARK [1][-]{section.5}{Singolarit\340 isolate e loro classificazione}{}% 12
\BOOKMARK [2][-]{subsubsection.5.0.1}{Singolarit\340 eliminabile}{section.5}% 13
\BOOKMARK [3][-]{subsubsection.5.0.2}{Polo}{subsubsection.5.0.1}% 14
\BOOKMARK [3][-]{subsubsection.5.0.3}{Singolarit\340 essenziale}{subsubsection.5.0.1}% 15
\BOOKMARK [2][-]{subsection.5.1}{Sviluppabilit\340 in serie di Laurent}{section.5}% 16
\BOOKMARK [1][-]{section.6}{Riconoscere le singolarit\340}{}% 17
\BOOKMARK [2][-]{subsubsection.6.0.1}{Principio di identit\340}{section.6}% 18
\BOOKMARK [3][-]{subsubsection.6.0.2}{Ordine di zeri}{subsubsection.6.0.1}% 19
\BOOKMARK [2][-]{subsection.6.1}{Ordine dei poli}{section.6}% 20
\BOOKMARK [3][-]{subsubsection.6.1.1}{Unicit\340 del prolungamento analitico}{subsection.6.1}% 21
\BOOKMARK [1][-]{section.7}{Teorema dei residui}{}% 22
\BOOKMARK [2][-]{subsection.7.1}{Calcolo dei residui}{section.7}% 23
\BOOKMARK [2][-]{subsection.7.2}{Definizione e calcolo dell'indice di avvolgimento}{section.7}% 24
\BOOKMARK [3][-]{subsubsection.7.2.1}{Modalit\340 analitica per calcolare l'indice}{subsection.7.2}% 25
\BOOKMARK [2][-]{subsection.7.3}{Teorema dei residui}{section.7}% 26
\BOOKMARK [1][-]{section.8}{Applicazioni del teorema dei residui in campo reale}{}% 27
\BOOKMARK [2][-]{subsection.8.1}{Primo tipo}{section.8}% 28
\BOOKMARK [2][-]{subsection.8.2}{Secondo tipo}{section.8}% 29
\BOOKMARK [3][-]{subsubsection.8.2.1}{Lemma tecnico di decadimento}{subsection.8.2}% 30
\BOOKMARK [2][-]{subsection.8.3}{Terzo tipo}{section.8}% 31
\BOOKMARK [3][-]{subsubsection.8.3.1}{Lemma di Jordan}{subsection.8.3}% 32
\BOOKMARK [2][-]{subsection.8.4}{Quarto tipo}{section.8}% 33
\BOOKMARK [3][-]{subsubsection.8.4.1}{Lemma del polo semplice}{subsection.8.4}% 34
\BOOKMARK [1][-]{section.9}{Cenni aggiuntivi sull'analisi complessa}{}% 35
\BOOKMARK [2][-]{subsection.9.1}{Residuo all'infinito}{section.9}% 36
\BOOKMARK [2][-]{subsection.9.2}{Funzioni polidrome}{section.9}% 37
\BOOKMARK [2][-]{subsection.9.3}{Funzioni armoniche}{section.9}% 38
\BOOKMARK [1][-]{section.10}{Analisi funzionale}{}% 39
\BOOKMARK [2][-]{subsubsection.10.0.1}{Norma}{section.10}% 40
\BOOKMARK [3][-]{subsubsection.10.0.2}{Norma su uno spazio funzionale di dimensione infinita}{subsubsection.10.0.1}% 41
\BOOKMARK [2][-]{subsection.10.1}{Spazio di Banach}{section.10}% 42
\BOOKMARK [1][-]{section.11}{Integrazione secondo Lebesgue}{}% 43
\BOOKMARK [2][-]{subsubsection.11.0.1}{Misure e funzioni misurabili}{section.11}% 44
\BOOKMARK [3][-]{subsubsection.11.0.2}{Definzione di integrale secondo Lebesgue}{subsubsection.11.0.1}% 45
\BOOKMARK [3][-]{subsubsection.11.0.3}{Propriet\340 principali dell'integrale di Lebesgue}{subsubsection.11.0.1}% 46
\BOOKMARK [2][-]{subsection.11.1}{Confronto Riemann-Lebesgue}{section.11}% 47
\BOOKMARK [3][-]{subsubsection.11.1.1}{Integrali propri}{subsection.11.1}% 48
\BOOKMARK [3][-]{subsubsection.11.1.2}{Integrali impropri}{subsection.11.1}% 49
\BOOKMARK [1][-]{section.12}{Spazi di Lebesgue}{}% 50
\BOOKMARK [2][-]{subsubsection.12.0.1}{Integrali multipli}{section.12}% 51
\BOOKMARK [3][-]{subsubsection.12.0.2}{Spazi di Lebesgue \(o spazi Lp\)}{subsubsection.12.0.1}% 52
\BOOKMARK [3][-]{subsubsection.12.0.3}{Caso limite L infinito}{subsubsection.12.0.1}% 53
\BOOKMARK [2][-]{subsection.12.1}{Risultati di confronto}{section.12}% 54
\BOOKMARK [3][-]{subsubsection.12.1.1}{Disuguaglianza di Holder}{subsection.12.1}% 55
\BOOKMARK [3][-]{subsubsection.12.1.2}{Conseguenze di Holder sul confronto tra i vari spazi}{subsection.12.1}% 56
\BOOKMARK [2][-]{subsection.12.2}{Approssimazione con funzioni regolari}{section.12}% 57
\BOOKMARK [2][-]{subsection.12.3}{Supporto e Classe C0}{section.12}% 58
\BOOKMARK [2][-]{subsection.12.4}{Prodotto di convoluzione}{section.12}% 59
\BOOKMARK [2][-]{subsection.12.5}{Teorema fondamentale del calcolo}{section.12}% 60
\BOOKMARK [1][-]{section.13}{Operatori lineari tra spazi vettoriali normati}{}% 61
\BOOKMARK [1][-]{section.14}{Distribuzioni}{}% 62
\BOOKMARK [2][-]{subsection.14.1}{Convergenza}{section.14}% 63
\BOOKMARK [2][-]{subsection.14.2}{Delta di Dirac}{section.14}% 64
\BOOKMARK [3][-]{subsubsection.14.2.1}{Ovvie generalizzazioni}{subsection.14.2}% 65
\BOOKMARK [3][-]{subsubsection.14.2.2}{idk}{subsection.14.2}% 66
\BOOKMARK [3][-]{subsubsection.14.2.3}{Derivazione di distribuzioni}{subsection.14.2}% 67
\BOOKMARK [3][-]{subsubsection.14.2.4}{Motivo della definizione di derivata}{subsection.14.2}% 68
\BOOKMARK [1][-]{section.15}{Esempi di distribuzioni}{}% 69
\BOOKMARK [2][-]{subsection.15.1}{Generalizzazione }{section.15}% 70
\BOOKMARK [3][-]{subsubsection.15.1.1}{Operatori differenziali}{subsection.15.1}% 71
\BOOKMARK [1][-]{section.16}{Spazi di Sobolev}{}% 72
\BOOKMARK [2][-]{subsubsection.16.0.1}{Disuguaglianza di Poincar\351}{section.16}% 73
\BOOKMARK [1][-]{section.17}{Spazi di Hilbert}{}% 74
\BOOKMARK [2][-]{subsection.17.1}{Disuguaglianza di Cauchy Schwartz}{section.17}% 75
\BOOKMARK [3][-]{subsubsection.17.1.1}{Legge del parallelogramma}{subsection.17.1}% 76
\BOOKMARK [3][-]{subsubsection.17.1.2}{Teorema di proiezione su un convesso chiuso}{subsection.17.1}% 77
\BOOKMARK [2][-]{subsection.17.2}{Teoremi di Rappresenzatione}{section.17}% 78
\BOOKMARK [3][-]{subsubsection.17.2.1}{Teorema di Reisz}{subsection.17.2}% 79
\BOOKMARK [3][-]{subsubsection.17.2.2}{Forme bilineari}{subsection.17.2}% 80
\BOOKMARK [3][-]{subsubsection.17.2.3}{Teorema di Lax Milgram}{subsection.17.2}% 81
\BOOKMARK [3][-]{subsubsection.17.2.4}{Commenti sulla propriet\340 variazionale di u }{subsection.17.2}% 82
\BOOKMARK [1][-]{section.18}{Equazioni alle derivate parziali}{}% 83
\BOOKMARK [2][-]{subsection.18.1}{Formulazione variazionali di problemi ellittici}{section.18}% 84
\BOOKMARK [3][-]{subsubsection.18.1.1}{PDE ellittiche del secondo ordine}{subsection.18.1}% 85
\BOOKMARK [3][-]{subsubsection.18.1.2}{Formulazione variazionale del problema di Dirichlet}{subsection.18.1}% 86
\BOOKMARK [3][-]{subsubsection.18.1.3}{Formulazione variazionale del problema di Neumann}{subsection.18.1}% 87
\BOOKMARK [3][-]{subsubsection.18.1.4}{Esistenza delle soluzioni}{subsection.18.1}% 88
\BOOKMARK [3][-]{subsubsection.18.1.5}{Esistenza delle soluzioni per Neumann}{subsection.18.1}% 89
\BOOKMARK [3][-]{subsubsection.18.1.6}{Richiamo di Analisi Vettoriale}{subsection.18.1}% 90
\BOOKMARK [3][-]{subsubsection.18.1.7}{Dimostrazione proposizione di Dirichlet}{subsection.18.1}% 91
\BOOKMARK [1][-]{section.19}{Serie di Fourier in spazi di Hilbert}{}% 92
\BOOKMARK [2][-]{subsubsection.19.0.1}{Convergenza in H}{section.19}% 93
\BOOKMARK [3][-]{subsubsection.19.0.2}{Sottospazio generato}{subsubsection.19.0.1}% 94
\BOOKMARK [3][-]{subsubsection.19.0.3}{Disuguaglianza di Bessel}{subsubsection.19.0.1}% 95
\BOOKMARK [3][-]{subsubsection.19.0.4}{Dimostrazione teorema di convergenza delle serie di Fourier}{subsubsection.19.0.1}% 96
\BOOKMARK [1][-]{section.20}{Serie di Fourier in L2}{}% 97
\BOOKMARK [2][-]{subsubsection.20.0.1}{Modi equivalenti di scrivere \(*\)}{section.20}% 98
\BOOKMARK [1][-]{section.21}{Applicazioni delle serie di Fourier alle equazioni differenziali}{}% 99
\BOOKMARK [1][-]{section.22}{Trasformata di Fourier}{}% 100
\BOOKMARK [2][-]{subsection.22.1}{Varianti in letteratura}{section.22}% 101
\BOOKMARK [2][-]{subsection.22.2}{Operatore Trasformata}{section.22}% 102
\BOOKMARK [2][-]{subsection.22.3}{Trasformate notevoli}{section.22}% 103
\BOOKMARK [2][-]{subsection.22.4}{Teorema di Riemann-Lebesgue}{section.22}% 104
\BOOKMARK [2][-]{subsection.22.5}{Propriet\340 algebriche}{section.22}% 105
\BOOKMARK [2][-]{subsection.22.6}{Propriet\340 differenziali}{section.22}% 106
\BOOKMARK [1][-]{section.23}{Applicazione della trasformata di Fourier alle equazioni differenziali}{}% 107
\BOOKMARK [2][-]{subsection.23.1}{Esempio}{section.23}% 108
\BOOKMARK [2][-]{subsection.23.2}{Formule di inversione per la trasformata di Fourier in L1 }{section.23}% 109
\BOOKMARK [2][-]{subsection.23.3}{Trasformata di Fourier in L2 }{section.23}% 110
\BOOKMARK [3][-]{subsubsection.23.3.1}{Altre propriet\340 di F in S}{subsection.23.3}% 111
\BOOKMARK [3][-]{subsubsection.23.3.2}{Calcolo nella pratica}{subsection.23.3}% 112
\BOOKMARK [1][-]{section.24}{Trasformata di Fourier di distribuzioni}{}% 113
\BOOKMARK [2][-]{subsection.24.1}{Spazio delle funzioni temperate}{section.24}% 114
\BOOKMARK [2][-]{subsection.24.2}{Lista trasformate studiate}{section.24}% 115
\BOOKMARK [1][-]{section.25}{Problemi di Cauchy per l'equazione del calore e delle onde}{}% 116
\BOOKMARK [2][-]{subsection.25.1}{Problema di Cauchy per l'equazione del calore}{section.25}% 117
\BOOKMARK [2][-]{subsection.25.2}{Effetto regolarizzante dell'operatore calore}{section.25}% 118
\BOOKMARK [2][-]{subsection.25.3}{Problema di Cauchy per l'equazione delle onde}{section.25}% 119
