This is pdfTeX, Version 3.14159265-2.6-1.40.21 (TeX Live 2020/Debian) (preloaded format=pdflatex 2021.9.7)  7 JAN 2022 20:03
entering extended mode
 restricted \write18 enabled.
 %&-line parsing enabled.
**master.tex
(./master.tex
LaTeX2e <2020-10-01> patch level 4
L3 programming layer <2021-01-09> xparse <2020-03-03>
(/usr/share/texlive/texmf-dist/tex/latex/base/article.cls
Document Class: article 2020/04/10 v1.4m Standard LaTeX document class
(/usr/share/texlive/texmf-dist/tex/latex/base/size10.clo
File: size10.clo 2020/04/10 v1.4m Standard LaTeX file (size option)
)
\c@part=\count177
\c@section=\count178
\c@subsection=\count179
\c@subsubsection=\count180
\c@paragraph=\count181
\c@subparagraph=\count182
\c@figure=\count183
\c@table=\count184
\abovecaptionskip=\skip47
\belowcaptionskip=\skip48
\bibindent=\dimen138
)
(/usr/share/texlive/texmf-dist/tex/latex/base/inputenc.sty
Package: inputenc 2020/08/01 v1.3d Input encoding file
\inpenc@prehook=\toks15
\inpenc@posthook=\toks16
)
(/usr/share/texlive/texmf-dist/tex/latex/base/fontenc.sty
Package: fontenc 2020/08/10 v2.0s Standard LaTeX package
)
(/usr/share/texlive/texmf-dist/tex/latex/base/textcomp.sty
Package: textcomp 2020/02/02 v2.0n Standard LaTeX package
)
(/usr/share/texlive/texmf-dist/tex/latex/imakeidx/imakeidx.sty
Package: imakeidx 2016/10/15 v1.3e Package for typesetting indices in a synchro
nous mode

(/usr/share/texlive/texmf-dist/tex/latex/xkeyval/xkeyval.sty
Package: xkeyval 2020/11/20 v2.8 package option processing (HA)

(/usr/share/texlive/texmf-dist/tex/generic/xkeyval/xkeyval.tex
(/usr/share/texlive/texmf-dist/tex/generic/xkeyval/xkvutils.tex
\XKV@toks=\toks17
\XKV@tempa@toks=\toks18

(/usr/share/texlive/texmf-dist/tex/generic/xkeyval/keyval.tex))
\XKV@depth=\count185
File: xkeyval.tex 2014/12/03 v2.7a key=value parser (HA)
))
(/usr/share/texlive/texmf-dist/tex/generic/iftex/ifxetex.sty
Package: ifxetex 2019/10/25 v0.7 ifxetex legacy package. Use iftex instead.

(/usr/share/texlive/texmf-dist/tex/generic/iftex/iftex.sty
Package: iftex 2020/03/06 v1.0d TeX engine tests
))
(/usr/share/texlive/texmf-dist/tex/generic/iftex/ifluatex.sty
Package: ifluatex 2019/10/25 v1.5 ifluatex legacy package. Use iftex instead.
)
(/usr/share/texlive/texmf-dist/tex/latex/tools/multicol.sty
Package: multicol 2019/12/09 v1.8y multicolumn formatting (FMi)
\c@tracingmulticols=\count186
\mult@box=\box47
\multicol@leftmargin=\dimen139
\c@unbalance=\count187
\c@collectmore=\count188
\doublecol@number=\count189
\multicoltolerance=\count190
\multicolpretolerance=\count191
\full@width=\dimen140
\page@free=\dimen141
\premulticols=\dimen142
\postmulticols=\dimen143
\multicolsep=\skip49
\multicolbaselineskip=\skip50
\partial@page=\box48
\last@line=\box49
\maxbalancingoverflow=\dimen144
\mult@rightbox=\box50
\mult@grightbox=\box51
\mult@gfirstbox=\box52
\mult@firstbox=\box53
\@tempa=\box54
\@tempa=\box55
\@tempa=\box56
\@tempa=\box57
\@tempa=\box58
\@tempa=\box59
\@tempa=\box60
\@tempa=\box61
\@tempa=\box62
\@tempa=\box63
\@tempa=\box64
\@tempa=\box65
\@tempa=\box66
\@tempa=\box67
\@tempa=\box68
\@tempa=\box69
\@tempa=\box70
\@tempa=\box71
\@tempa=\box72
\@tempa=\box73
\@tempa=\box74
\@tempa=\box75
\@tempa=\box76
\@tempa=\box77
\@tempa=\box78
\@tempa=\box79
\@tempa=\box80
\@tempa=\box81
\@tempa=\box82
\@tempa=\box83
\@tempa=\box84
\@tempa=\box85
\@tempa=\box86
\@tempa=\box87
\@tempa=\box88
\@tempa=\box89
\@tempa=\box90
\c@minrows=\count192
\c@columnbadness=\count193
\c@finalcolumnbadness=\count194
\last@try=\dimen145
\multicolovershoot=\dimen146
\multicolundershoot=\dimen147
\mult@nat@firstbox=\box91
\colbreak@box=\box92
\mc@col@check@num=\count195
))
(/usr/share/texlive/texmf-dist/tex/latex/amsmath/amsmath.sty
Package: amsmath 2020/09/23 v2.17i AMS math features
\@mathmargin=\skip51

For additional information on amsmath, use the `?' option.
(/usr/share/texlive/texmf-dist/tex/latex/amsmath/amstext.sty
Package: amstext 2000/06/29 v2.01 AMS text

(/usr/share/texlive/texmf-dist/tex/latex/amsmath/amsgen.sty
File: amsgen.sty 1999/11/30 v2.0 generic functions
\@emptytoks=\toks19
\ex@=\dimen148
))
(/usr/share/texlive/texmf-dist/tex/latex/amsmath/amsbsy.sty
Package: amsbsy 1999/11/29 v1.2d Bold Symbols
\pmbraise@=\dimen149
)
(/usr/share/texlive/texmf-dist/tex/latex/amsmath/amsopn.sty
Package: amsopn 2016/03/08 v2.02 operator names
)
\inf@bad=\count196
LaTeX Info: Redefining \frac on input line 234.
\uproot@=\count197
\leftroot@=\count198
LaTeX Info: Redefining \overline on input line 399.
\classnum@=\count199
\DOTSCASE@=\count266
LaTeX Info: Redefining \ldots on input line 496.
LaTeX Info: Redefining \dots on input line 499.
LaTeX Info: Redefining \cdots on input line 620.
\Mathstrutbox@=\box93
\strutbox@=\box94
\big@size=\dimen150
LaTeX Font Info:    Redeclaring font encoding OML on input line 743.
LaTeX Font Info:    Redeclaring font encoding OMS on input line 744.
\macc@depth=\count267
\c@MaxMatrixCols=\count268
\dotsspace@=\muskip16
\c@parentequation=\count269
\dspbrk@lvl=\count270
\tag@help=\toks20
\row@=\count271
\column@=\count272
\maxfields@=\count273
\andhelp@=\toks21
\eqnshift@=\dimen151
\alignsep@=\dimen152
\tagshift@=\dimen153
\tagwidth@=\dimen154
\totwidth@=\dimen155
\lineht@=\dimen156
\@envbody=\toks22
\multlinegap=\skip52
\multlinetaggap=\skip53
\mathdisplay@stack=\toks23
LaTeX Info: Redefining \[ on input line 2923.
LaTeX Info: Redefining \] on input line 2924.
)
(/usr/share/texlive/texmf-dist/tex/latex/amsfonts/amssymb.sty
Package: amssymb 2013/01/14 v3.01 AMS font symbols

(/usr/share/texlive/texmf-dist/tex/latex/amsfonts/amsfonts.sty
Package: amsfonts 2013/01/14 v3.01 Basic AMSFonts support
\symAMSa=\mathgroup4
\symAMSb=\mathgroup5
LaTeX Font Info:    Redeclaring math symbol \hbar on input line 98.
LaTeX Font Info:    Overwriting math alphabet `\mathfrak' in version `bold'
(Font)                  U/euf/m/n --> U/euf/b/n on input line 106.
))
(/usr/share/texlive/texmf-dist/tex/latex/tcolorbox/tcolorbox.sty
Package: tcolorbox 2020/10/09 version 4.42 text color boxes

(/usr/share/texlive/texmf-dist/tex/latex/pgf/basiclayer/pgf.sty
(/usr/share/texlive/texmf-dist/tex/latex/pgf/utilities/pgfrcs.sty
(/usr/share/texlive/texmf-dist/tex/generic/pgf/utilities/pgfutil-common.tex
\pgfutil@everybye=\toks24
\pgfutil@tempdima=\dimen157
\pgfutil@tempdimb=\dimen158

(/usr/share/texlive/texmf-dist/tex/generic/pgf/utilities/pgfutil-common-lists.t
ex)) (/usr/share/texlive/texmf-dist/tex/generic/pgf/utilities/pgfutil-latex.def
\pgfutil@abb=\box95
) (/usr/share/texlive/texmf-dist/tex/generic/pgf/utilities/pgfrcs.code.tex
(/usr/share/texlive/texmf-dist/tex/generic/pgf/pgf.revision.tex)
Package: pgfrcs 2020/12/27 v3.1.8b (3.1.8b)
))
Package: pgf 2020/12/27 v3.1.8b (3.1.8b)

(/usr/share/texlive/texmf-dist/tex/latex/pgf/basiclayer/pgfcore.sty
(/usr/share/texlive/texmf-dist/tex/latex/graphics/graphicx.sty
Package: graphicx 2020/09/09 v1.2b Enhanced LaTeX Graphics (DPC,SPQR)

(/usr/share/texlive/texmf-dist/tex/latex/graphics/graphics.sty
Package: graphics 2020/08/30 v1.4c Standard LaTeX Graphics (DPC,SPQR)

(/usr/share/texlive/texmf-dist/tex/latex/graphics/trig.sty
Package: trig 2016/01/03 v1.10 sin cos tan (DPC)
)
(/usr/share/texlive/texmf-dist/tex/latex/graphics-cfg/graphics.cfg
File: graphics.cfg 2016/06/04 v1.11 sample graphics configuration
)
Package graphics Info: Driver file: pdftex.def on input line 105.

(/usr/share/texlive/texmf-dist/tex/latex/graphics-def/pdftex.def
File: pdftex.def 2020/10/05 v1.2a Graphics/color driver for pdftex
))
\Gin@req@height=\dimen159
\Gin@req@width=\dimen160
)
(/usr/share/texlive/texmf-dist/tex/latex/pgf/systemlayer/pgfsys.sty
(/usr/share/texlive/texmf-dist/tex/generic/pgf/systemlayer/pgfsys.code.tex
Package: pgfsys 2020/12/27 v3.1.8b (3.1.8b)

(/usr/share/texlive/texmf-dist/tex/generic/pgf/utilities/pgfkeys.code.tex
\pgfkeys@pathtoks=\toks25
\pgfkeys@temptoks=\toks26

(/usr/share/texlive/texmf-dist/tex/generic/pgf/utilities/pgfkeysfiltered.code.t
ex
\pgfkeys@tmptoks=\toks27
))
\pgf@x=\dimen161
\pgf@y=\dimen162
\pgf@xa=\dimen163
\pgf@ya=\dimen164
\pgf@xb=\dimen165
\pgf@yb=\dimen166
\pgf@xc=\dimen167
\pgf@yc=\dimen168
\pgf@xd=\dimen169
\pgf@yd=\dimen170
\w@pgf@writea=\write3
\r@pgf@reada=\read2
\c@pgf@counta=\count274
\c@pgf@countb=\count275
\c@pgf@countc=\count276
\c@pgf@countd=\count277
\t@pgf@toka=\toks28
\t@pgf@tokb=\toks29
\t@pgf@tokc=\toks30
\pgf@sys@id@count=\count278
 (/usr/share/texlive/texmf-dist/tex/generic/pgf/systemlayer/pgf.cfg
File: pgf.cfg 2020/12/27 v3.1.8b (3.1.8b)
)
Driver file for pgf: pgfsys-pdftex.def

(/usr/share/texlive/texmf-dist/tex/generic/pgf/systemlayer/pgfsys-pdftex.def
File: pgfsys-pdftex.def 2020/12/27 v3.1.8b (3.1.8b)

(/usr/share/texlive/texmf-dist/tex/generic/pgf/systemlayer/pgfsys-common-pdf.de
f
File: pgfsys-common-pdf.def 2020/12/27 v3.1.8b (3.1.8b)
)))
(/usr/share/texlive/texmf-dist/tex/generic/pgf/systemlayer/pgfsyssoftpath.code.
tex
File: pgfsyssoftpath.code.tex 2020/12/27 v3.1.8b (3.1.8b)
\pgfsyssoftpath@smallbuffer@items=\count279
\pgfsyssoftpath@bigbuffer@items=\count280
)
(/usr/share/texlive/texmf-dist/tex/generic/pgf/systemlayer/pgfsysprotocol.code.
tex
File: pgfsysprotocol.code.tex 2020/12/27 v3.1.8b (3.1.8b)
)) (/usr/share/texlive/texmf-dist/tex/latex/xcolor/xcolor.sty
Package: xcolor 2016/05/11 v2.12 LaTeX color extensions (UK)

(/usr/share/texlive/texmf-dist/tex/latex/graphics-cfg/color.cfg
File: color.cfg 2016/01/02 v1.6 sample color configuration
)
Package xcolor Info: Driver file: pdftex.def on input line 225.
Package xcolor Info: Model `cmy' substituted by `cmy0' on input line 1348.
Package xcolor Info: Model `hsb' substituted by `rgb' on input line 1352.
Package xcolor Info: Model `RGB' extended on input line 1364.
Package xcolor Info: Model `HTML' substituted by `rgb' on input line 1366.
Package xcolor Info: Model `Hsb' substituted by `hsb' on input line 1367.
Package xcolor Info: Model `tHsb' substituted by `hsb' on input line 1368.
Package xcolor Info: Model `HSB' substituted by `hsb' on input line 1369.
Package xcolor Info: Model `Gray' substituted by `gray' on input line 1370.
Package xcolor Info: Model `wave' substituted by `hsb' on input line 1371.
)
(/usr/share/texlive/texmf-dist/tex/generic/pgf/basiclayer/pgfcore.code.tex
Package: pgfcore 2020/12/27 v3.1.8b (3.1.8b)

(/usr/share/texlive/texmf-dist/tex/generic/pgf/math/pgfmath.code.tex
(/usr/share/texlive/texmf-dist/tex/generic/pgf/math/pgfmathcalc.code.tex
(/usr/share/texlive/texmf-dist/tex/generic/pgf/math/pgfmathutil.code.tex)
(/usr/share/texlive/texmf-dist/tex/generic/pgf/math/pgfmathparser.code.tex
\pgfmath@dimen=\dimen171
\pgfmath@count=\count281
\pgfmath@box=\box96
\pgfmath@toks=\toks31
\pgfmath@stack@operand=\toks32
\pgfmath@stack@operation=\toks33
)
(/usr/share/texlive/texmf-dist/tex/generic/pgf/math/pgfmathfunctions.code.tex
(/usr/share/texlive/texmf-dist/tex/generic/pgf/math/pgfmathfunctions.basic.code
.tex)
(/usr/share/texlive/texmf-dist/tex/generic/pgf/math/pgfmathfunctions.trigonomet
ric.code.tex)
(/usr/share/texlive/texmf-dist/tex/generic/pgf/math/pgfmathfunctions.random.cod
e.tex)
(/usr/share/texlive/texmf-dist/tex/generic/pgf/math/pgfmathfunctions.comparison
.code.tex)
(/usr/share/texlive/texmf-dist/tex/generic/pgf/math/pgfmathfunctions.base.code.
tex)
(/usr/share/texlive/texmf-dist/tex/generic/pgf/math/pgfmathfunctions.round.code
.tex)
(/usr/share/texlive/texmf-dist/tex/generic/pgf/math/pgfmathfunctions.misc.code.
tex)
(/usr/share/texlive/texmf-dist/tex/generic/pgf/math/pgfmathfunctions.integerari
thmetics.code.tex)))
(/usr/share/texlive/texmf-dist/tex/generic/pgf/math/pgfmathfloat.code.tex
\c@pgfmathroundto@lastzeros=\count282
))
(/usr/share/texlive/texmf-dist/tex/generic/pgf/math/pgfint.code.tex)
(/usr/share/texlive/texmf-dist/tex/generic/pgf/basiclayer/pgfcorepoints.code.te
x
File: pgfcorepoints.code.tex 2020/12/27 v3.1.8b (3.1.8b)
\pgf@picminx=\dimen172
\pgf@picmaxx=\dimen173
\pgf@picminy=\dimen174
\pgf@picmaxy=\dimen175
\pgf@pathminx=\dimen176
\pgf@pathmaxx=\dimen177
\pgf@pathminy=\dimen178
\pgf@pathmaxy=\dimen179
\pgf@xx=\dimen180
\pgf@xy=\dimen181
\pgf@yx=\dimen182
\pgf@yy=\dimen183
\pgf@zx=\dimen184
\pgf@zy=\dimen185
)
(/usr/share/texlive/texmf-dist/tex/generic/pgf/basiclayer/pgfcorepathconstruct.
code.tex
File: pgfcorepathconstruct.code.tex 2020/12/27 v3.1.8b (3.1.8b)
\pgf@path@lastx=\dimen186
\pgf@path@lasty=\dimen187
)
(/usr/share/texlive/texmf-dist/tex/generic/pgf/basiclayer/pgfcorepathusage.code
.tex
File: pgfcorepathusage.code.tex 2020/12/27 v3.1.8b (3.1.8b)
\pgf@shorten@end@additional=\dimen188
\pgf@shorten@start@additional=\dimen189
)
(/usr/share/texlive/texmf-dist/tex/generic/pgf/basiclayer/pgfcorescopes.code.te
x
File: pgfcorescopes.code.tex 2020/12/27 v3.1.8b (3.1.8b)
\pgfpic=\box97
\pgf@hbox=\box98
\pgf@layerbox@main=\box99
\pgf@picture@serial@count=\count283
)
(/usr/share/texlive/texmf-dist/tex/generic/pgf/basiclayer/pgfcoregraphicstate.c
ode.tex
File: pgfcoregraphicstate.code.tex 2020/12/27 v3.1.8b (3.1.8b)
\pgflinewidth=\dimen190
)
(/usr/share/texlive/texmf-dist/tex/generic/pgf/basiclayer/pgfcoretransformation
s.code.tex
File: pgfcoretransformations.code.tex 2020/12/27 v3.1.8b (3.1.8b)
\pgf@pt@x=\dimen191
\pgf@pt@y=\dimen192
\pgf@pt@temp=\dimen193
)
(/usr/share/texlive/texmf-dist/tex/generic/pgf/basiclayer/pgfcorequick.code.tex
File: pgfcorequick.code.tex 2020/12/27 v3.1.8b (3.1.8b)
)
(/usr/share/texlive/texmf-dist/tex/generic/pgf/basiclayer/pgfcoreobjects.code.t
ex
File: pgfcoreobjects.code.tex 2020/12/27 v3.1.8b (3.1.8b)
)
(/usr/share/texlive/texmf-dist/tex/generic/pgf/basiclayer/pgfcorepathprocessing
.code.tex
File: pgfcorepathprocessing.code.tex 2020/12/27 v3.1.8b (3.1.8b)
)
(/usr/share/texlive/texmf-dist/tex/generic/pgf/basiclayer/pgfcorearrows.code.te
x
File: pgfcorearrows.code.tex 2020/12/27 v3.1.8b (3.1.8b)
\pgfarrowsep=\dimen194
)
(/usr/share/texlive/texmf-dist/tex/generic/pgf/basiclayer/pgfcoreshade.code.tex
File: pgfcoreshade.code.tex 2020/12/27 v3.1.8b (3.1.8b)
\pgf@max=\dimen195
\pgf@sys@shading@range@num=\count284
\pgf@shadingcount=\count285
)
(/usr/share/texlive/texmf-dist/tex/generic/pgf/basiclayer/pgfcoreimage.code.tex
File: pgfcoreimage.code.tex 2020/12/27 v3.1.8b (3.1.8b)

(/usr/share/texlive/texmf-dist/tex/generic/pgf/basiclayer/pgfcoreexternal.code.
tex
File: pgfcoreexternal.code.tex 2020/12/27 v3.1.8b (3.1.8b)
\pgfexternal@startupbox=\box100
))
(/usr/share/texlive/texmf-dist/tex/generic/pgf/basiclayer/pgfcorelayers.code.te
x
File: pgfcorelayers.code.tex 2020/12/27 v3.1.8b (3.1.8b)
)
(/usr/share/texlive/texmf-dist/tex/generic/pgf/basiclayer/pgfcoretransparency.c
ode.tex
File: pgfcoretransparency.code.tex 2020/12/27 v3.1.8b (3.1.8b)
)
(/usr/share/texlive/texmf-dist/tex/generic/pgf/basiclayer/pgfcorepatterns.code.
tex
File: pgfcorepatterns.code.tex 2020/12/27 v3.1.8b (3.1.8b)
)
(/usr/share/texlive/texmf-dist/tex/generic/pgf/basiclayer/pgfcorerdf.code.tex
File: pgfcorerdf.code.tex 2020/12/27 v3.1.8b (3.1.8b)
)))
(/usr/share/texlive/texmf-dist/tex/generic/pgf/modules/pgfmoduleshapes.code.tex
File: pgfmoduleshapes.code.tex 2020/12/27 v3.1.8b (3.1.8b)
\pgfnodeparttextbox=\box101
) (/usr/share/texlive/texmf-dist/tex/generic/pgf/modules/pgfmoduleplot.code.tex
File: pgfmoduleplot.code.tex 2020/12/27 v3.1.8b (3.1.8b)
)
(/usr/share/texlive/texmf-dist/tex/latex/pgf/compatibility/pgfcomp-version-0-65
.sty
Package: pgfcomp-version-0-65 2020/12/27 v3.1.8b (3.1.8b)
\pgf@nodesepstart=\dimen196
\pgf@nodesepend=\dimen197
)
(/usr/share/texlive/texmf-dist/tex/latex/pgf/compatibility/pgfcomp-version-1-18
.sty
Package: pgfcomp-version-1-18 2020/12/27 v3.1.8b (3.1.8b)
)) (/usr/share/texlive/texmf-dist/tex/latex/tools/verbatim.sty
Package: verbatim 2020-07-07 v1.5u LaTeX2e package for verbatim enhancements
\every@verbatim=\toks34
\verbatim@line=\toks35
\verbatim@in@stream=\read3
)
(/usr/share/texlive/texmf-dist/tex/latex/environ/environ.sty
Package: environ 2014/05/04 v0.3 A new way to define environments

(/usr/share/texlive/texmf-dist/tex/latex/trimspaces/trimspaces.sty
Package: trimspaces 2009/09/17 v1.1 Trim spaces around a token list
))
(/usr/share/texlive/texmf-dist/tex/latex/etoolbox/etoolbox.sty
Package: etoolbox 2020/10/05 v2.5k e-TeX tools for LaTeX (JAW)
\etb@tempcnta=\count286
)
\tcb@titlebox=\box102
\tcb@upperbox=\box103
\tcb@lowerbox=\box104
\tcb@phantombox=\box105
\c@tcbbreakpart=\count287
\c@tcblayer=\count288
\c@tcolorbox@number=\count289
\tcb@temp=\box106
\tcb@temp=\box107
\tcb@temp=\box108
\tcb@temp=\box109
\tcb@out=\write4
\tcb@record@out=\write5
)
(/usr/share/texlive/texmf-dist/tex/latex/oberdiek/centernot.sty
Package: centernot 2016/05/16 v1.4 Centers the not symbol horizontally (HO)
)
(/usr/share/texlive/texmf-dist/tex/generic/babel/babel.sty
Package: babel 2021/01/26 3.53 The Babel package

(/usr/share/texlive/texmf-dist/tex/generic/babel/babel.def
File: babel.def 2021/01/26 3.53 Babel common definitions
\babel@savecnt=\count290
\U@D=\dimen198
\l@babelnohyphens=\language86

(/usr/share/texlive/texmf-dist/tex/generic/babel/txtbabel.def)
\bbl@readstream=\read4
)
\bbl@dirlevel=\count291

(/usr/share/texlive/texmf-dist/tex/generic/babel-italian/italian.ldf
Language: italian 2020/05/21 v.1.4.04 Italian support for the babel system
\it@lettering=\count292
\it@doublequoteactive=\count293
\it@ISOcompliance=\count294
))
(/usr/share/texlive/texmf-dist/tex/latex/import/import.sty
Package: import 2020/04/01  v 6.2
)
(/usr/share/texlive/texmf-dist/tex/latex/xifthen/xifthen.sty
Package: xifthen 2015/11/05 v1.4.0 Extended ifthen features

(/usr/share/texlive/texmf-dist/tex/latex/tools/calc.sty
Package: calc 2017/05/25 v4.3 Infix arithmetic (KKT,FJ)
\calc@Acount=\count295
\calc@Bcount=\count296
\calc@Adimen=\dimen199
\calc@Bdimen=\dimen256
\calc@Askip=\skip54
\calc@Bskip=\skip55
LaTeX Info: Redefining \setlength on input line 80.
LaTeX Info: Redefining \addtolength on input line 81.
\calc@Ccount=\count297
\calc@Cskip=\skip56
)
(/usr/share/texlive/texmf-dist/tex/latex/base/ifthen.sty
Package: ifthen 2014/09/29 v1.1c Standard LaTeX ifthen package (DPC)
)
(/usr/share/texlive/texmf-dist/tex/latex/ifmtarg/ifmtarg.sty
Package: ifmtarg 2018/04/16 v1.2b check for an empty argument
))
(/usr/share/texlive/texmf-dist/tex/latex/pdfpages/pdfpages.sty
Package: pdfpages 2021/01/09 v0.5r Insert pages of external PDF documents (AM)

(/usr/share/texlive/texmf-dist/tex/latex/eso-pic/eso-pic.sty
Package: eso-pic 2020/10/14 v3.0a eso-pic (RN)
\ESO@tempdima=\dimen257
\ESO@tempdimb=\dimen258
)
\AM@pagewidth=\dimen259
\AM@pageheight=\dimen260

(/usr/share/texlive/texmf-dist/tex/latex/pdfpages/pppdftex.def
File: pppdftex.def 2021/01/09 v0.5r Pdfpages driver for pdfTeX (AM)
)
\pdfpages@includegraphics@status=\count298
\AM@pagebox=\box110
\AM@global@opts=\toks36
\AM@pagecnt=\count299
\AM@toc@title=\toks37
\c@AM@survey=\count300
\AM@templatesizebox=\box111
)
(/usr/share/texlive/texmf-dist/tex/latex/transparent/transparent.sty
Package: transparent 2019/11/29 v1.4 Transparency via pdfTeX's color stack (HO)


(/usr/share/texlive/texmf-dist/tex/latex/auxhook/auxhook.sty
Package: auxhook 2019-12-17 v1.6 Hooks for auxiliary files (HO)
))
(/usr/share/texlive/texmf-dist/tex/latex/hyperref/hyperref.sty
Package: hyperref 2020-05-15 v7.00e Hypertext links for LaTeX

(/usr/share/texlive/texmf-dist/tex/generic/ltxcmds/ltxcmds.sty
Package: ltxcmds 2020-05-10 v1.25 LaTeX kernel commands for general use (HO)
)
(/usr/share/texlive/texmf-dist/tex/generic/pdftexcmds/pdftexcmds.sty
Package: pdftexcmds 2020-06-27 v0.33 Utility functions of pdfTeX for LuaTeX (HO
)

(/usr/share/texlive/texmf-dist/tex/generic/infwarerr/infwarerr.sty
Package: infwarerr 2019/12/03 v1.5 Providing info/warning/error messages (HO)
)
Package pdftexcmds Info: \pdf@primitive is available.
Package pdftexcmds Info: \pdf@ifprimitive is available.
Package pdftexcmds Info: \pdfdraftmode found.
)
(/usr/share/texlive/texmf-dist/tex/generic/kvsetkeys/kvsetkeys.sty
Package: kvsetkeys 2019/12/15 v1.18 Key value parser (HO)
)
(/usr/share/texlive/texmf-dist/tex/generic/kvdefinekeys/kvdefinekeys.sty
Package: kvdefinekeys 2019-12-19 v1.6 Define keys (HO)
)
(/usr/share/texlive/texmf-dist/tex/generic/pdfescape/pdfescape.sty
Package: pdfescape 2019/12/09 v1.15 Implements pdfTeX's escape features (HO)
)
(/usr/share/texlive/texmf-dist/tex/latex/hycolor/hycolor.sty
Package: hycolor 2020-01-27 v1.10 Color options for hyperref/bookmark (HO)
)
(/usr/share/texlive/texmf-dist/tex/latex/letltxmacro/letltxmacro.sty
Package: letltxmacro 2019/12/03 v1.6 Let assignment for LaTeX macros (HO)
)
(/usr/share/texlive/texmf-dist/tex/latex/kvoptions/kvoptions.sty
Package: kvoptions 2020-10-07 v3.14 Key value format for package options (HO)
)
\@linkdim=\dimen261
\Hy@linkcounter=\count301
\Hy@pagecounter=\count302

(/usr/share/texlive/texmf-dist/tex/latex/hyperref/pd1enc.def
File: pd1enc.def 2020-05-15 v7.00e Hyperref: PDFDocEncoding definition (HO)
Now handling font encoding PD1 ...
... no UTF-8 mapping file for font encoding PD1
)
(/usr/share/texlive/texmf-dist/tex/generic/intcalc/intcalc.sty
Package: intcalc 2019/12/15 v1.3 Expandable calculations with integers (HO)
)
(/usr/share/texlive/texmf-dist/tex/generic/etexcmds/etexcmds.sty
Package: etexcmds 2019/12/15 v1.7 Avoid name clashes with e-TeX commands (HO)
)
\Hy@SavedSpaceFactor=\count303
Package hyperref Info: Hyper figures OFF on input line 4464.
Package hyperref Info: Link nesting OFF on input line 4469.
Package hyperref Info: Hyper index ON on input line 4472.
Package hyperref Info: Plain pages OFF on input line 4479.
Package hyperref Info: Backreferencing OFF on input line 4484.
Package hyperref Info: Implicit mode ON; LaTeX internals redefined.
Package hyperref Info: Bookmarks ON on input line 4717.
\c@Hy@tempcnt=\count304

(/usr/share/texlive/texmf-dist/tex/latex/url/url.sty
\Urlmuskip=\muskip17
Package: url 2013/09/16  ver 3.4  Verb mode for urls, etc.
)
LaTeX Info: Redefining \url on input line 5076.
\XeTeXLinkMargin=\dimen262

(/usr/share/texlive/texmf-dist/tex/generic/bitset/bitset.sty
Package: bitset 2019/12/09 v1.3 Handle bit-vector datatype (HO)

(/usr/share/texlive/texmf-dist/tex/generic/bigintcalc/bigintcalc.sty
Package: bigintcalc 2019/12/15 v1.5 Expandable calculations on big integers (HO
)
))
\Fld@menulength=\count305
\Field@Width=\dimen263
\Fld@charsize=\dimen264
Package hyperref Info: Hyper figures OFF on input line 6347.
Package hyperref Info: Link nesting OFF on input line 6352.
Package hyperref Info: Hyper index ON on input line 6355.
Package hyperref Info: backreferencing OFF on input line 6362.
Package hyperref Info: Link coloring OFF on input line 6367.
Package hyperref Info: Link coloring with OCG OFF on input line 6372.
Package hyperref Info: PDF/A mode OFF on input line 6377.
LaTeX Info: Redefining \ref on input line 6417.
LaTeX Info: Redefining \pageref on input line 6421.

(/usr/share/texlive/texmf-dist/tex/latex/base/atbegshi-ltx.sty
Package: atbegshi-ltx 2020/08/17 v1.0a Emulation of the original atbegshi packa
ge
with kernel methods
)
\Hy@abspage=\count306
\c@Item=\count307
\c@Hfootnote=\count308
)
Package hyperref Info: Driver (autodetected): hpdftex.

(/usr/share/texlive/texmf-dist/tex/latex/hyperref/hpdftex.def
File: hpdftex.def 2020-05-15 v7.00e Hyperref driver for pdfTeX

(/usr/share/texlive/texmf-dist/tex/latex/base/atveryend-ltx.sty
Package: atveryend-ltx 2020/08/19 v1.0a Emulation of the original atvery packag
e
with kernel methods
)
\Fld@listcount=\count309
\c@bookmark@seq@number=\count310

(/usr/share/texlive/texmf-dist/tex/latex/rerunfilecheck/rerunfilecheck.sty
Package: rerunfilecheck 2019/12/05 v1.9 Rerun checks for auxiliary files (HO)

(/usr/share/texlive/texmf-dist/tex/generic/uniquecounter/uniquecounter.sty
Package: uniquecounter 2019/12/15 v1.4 Provide unlimited unique counter (HO)
)
Package uniquecounter Info: New unique counter `rerunfilecheck' on input line 2
86.
)
\Hy@SectionHShift=\skip57
)
Package hyperref Info: Option `colorlinks' set `true' on input line 36.

(/usr/share/texlive/texmf-dist/tex/latex/l3backend/l3backend-pdftex.def
File: l3backend-pdftex.def 2020-01-29 L3 backend support: PDF output (pdfTeX)
\l__color_backend_stack_int=\count311
\l__pdf_internal_box=\box112
)
(./master.aux

LaTeX Warning: Label `fig:semicirconferenza' multiply defined.

)
\openout1 = `master.aux'.

LaTeX Font Info:    Checking defaults for OML/cmm/m/it on input line 38.
LaTeX Font Info:    ... okay on input line 38.
LaTeX Font Info:    Checking defaults for OMS/cmsy/m/n on input line 38.
LaTeX Font Info:    ... okay on input line 38.
LaTeX Font Info:    Checking defaults for OT1/cmr/m/n on input line 38.
LaTeX Font Info:    ... okay on input line 38.
LaTeX Font Info:    Checking defaults for T1/cmr/m/n on input line 38.
LaTeX Font Info:    ... okay on input line 38.
LaTeX Font Info:    Checking defaults for TS1/cmr/m/n on input line 38.
LaTeX Font Info:    ... okay on input line 38.
LaTeX Font Info:    Checking defaults for OMX/cmex/m/n on input line 38.
LaTeX Font Info:    ... okay on input line 38.
LaTeX Font Info:    Checking defaults for U/cmr/m/n on input line 38.
LaTeX Font Info:    ... okay on input line 38.
LaTeX Font Info:    Checking defaults for PD1/pdf/m/n on input line 38.
LaTeX Font Info:    ... okay on input line 38.
 (/usr/share/texlive/texmf-dist/tex/context/base/mkii/supp-pdf.mkii
[Loading MPS to PDF converter (version 2006.09.02).]
\scratchcounter=\count312
\scratchdimen=\dimen265
\scratchbox=\box113
\nofMPsegments=\count313
\nofMParguments=\count314
\everyMPshowfont=\toks38
\MPscratchCnt=\count315
\MPscratchDim=\dimen266
\MPnumerator=\count316
\makeMPintoPDFobject=\count317
\everyMPtoPDFconversion=\toks39
) (/usr/share/texlive/texmf-dist/tex/latex/epstopdf-pkg/epstopdf-base.sty
Package: epstopdf-base 2020-01-24 v2.11 Base part for package epstopdf
Package epstopdf-base Info: Redefining graphics rule for `.eps' on input line 4
85.

(/usr/share/texlive/texmf-dist/tex/latex/latexconfig/epstopdf-sys.cfg
File: epstopdf-sys.cfg 2010/07/13 v1.3 Configuration of (r)epstopdf for TeX Liv
e
))
LaTeX Info: Redefining \it@ocap on input line 38.
LaTeX Info: Redefining \it@ccap on input line 38.

(/usr/share/texlive/texmf-dist/tex/latex/pdflscape/pdflscape.sty
Package: pdflscape 2019/12/05 v0.12 Display of landscape pages in PDF (HO)

(/usr/share/texlive/texmf-dist/tex/latex/graphics/lscape.sty
Package: lscape 2020/05/28 v3.02 Landscape Pages (DPC)
)
Package pdflscape Info: Auto-detected driver: pdftex on input line 81.
)
Package hyperref Info: Link coloring ON on input line 38.

(/usr/share/texlive/texmf-dist/tex/latex/hyperref/nameref.sty
Package: nameref 2019/09/16 v2.46 Cross-referencing by name of section

(/usr/share/texlive/texmf-dist/tex/latex/refcount/refcount.sty
Package: refcount 2019/12/15 v3.6 Data extraction from label references (HO)
)
(/usr/share/texlive/texmf-dist/tex/generic/gettitlestring/gettitlestring.sty
Package: gettitlestring 2019/12/15 v1.6 Cleanup title references (HO)
)
\c@section@level=\count318
)
LaTeX Info: Redefining \ref on input line 38.
LaTeX Info: Redefining \pageref on input line 38.
LaTeX Info: Redefining \nameref on input line 38.

(./master.out) (./master.out)
\@outlinefile=\write6
\openout6 = `master.out'.

LaTeX Font Info:    Trying to load font information for U+msa on input line 43.


(/usr/share/texlive/texmf-dist/tex/latex/amsfonts/umsa.fd
File: umsa.fd 2013/01/14 v3.01 AMS symbols A
)
LaTeX Font Info:    Trying to load font information for U+msb on input line 43.


(/usr/share/texlive/texmf-dist/tex/latex/amsfonts/umsb.fd
File: umsb.fd 2013/01/14 v3.01 AMS symbols B
) [1

{/var/lib/texmf/fonts/map/pdftex/updmap/pdftex.map}] (./master.toc [2] [3])
\tf@toc=\write7
\openout7 = `master.toc'.

 [4]
(./Lezione1/parsed_master.tex [5]

Package hyperref Warning: Difference (2) between bookmark levels is greater 
(hyperref)                than one, level fixed on input line 86.

[6]
Overfull \hbox (22.62231pt too wide) in paragraph at lines 98--116
\T1/cmr/bx/n/10 Attenzione \T1/cmr/m/n/10 Se $\OML/cmm/m/it/10 u; v$ \T1/cmr/m/
n/10 so-no dif-fe-ren-zia-bi-li ciò non im-pli-ca la dif-fe-ren-zia-bi-li-tà/de
rivabilità
 []


Overfull \hbox (2.43373pt too wide) detected at line 118
\OT1/cmr/m/n/10 ( =[]\OMS/cmsy/m/n/10 ) \OT1/cmr/m/n/10 )[]\OMS/cmsy/m/n/10 9\O
ML/cmm/m/it/10 f[]\OT1/cmr/m/n/10 (\OML/cmm/m/it/10 z[]\OT1/cmr/m/n/10 ) = \OML
/cmm/m/it/10  \OT1/cmr/m/n/10 + \OML/cmm/m/it/10 i^^L \OMS/cmsy/m/n/10 2 \U/ms
b/m/n/10 C  \OT1/cmr/m/n/10 =[]\OMS/cmsy/m/n/10 )  \OML/cmm/m/it/10 f\OT1/cmr/m
/n/10 (\OML/cmm/m/it/10 z[] \OT1/cmr/m/n/10 + \OML/cmm/m/it/10 h\OT1/cmr/m/n/10
 ) = \OML/cmm/m/it/10 f\OT1/cmr/m/n/10 (\OML/cmm/m/it/10 z[]\OT1/cmr/m/n/10 ) +
 \OML/cmm/m/it/10 f[]\OT1/cmr/m/n/10 (\OML/cmm/m/it/10 z[]\OT1/cmr/m/n/10 )\OML
/cmm/m/it/10 h \OT1/cmr/m/n/10 + \OML/cmm/m/it/10 g;  g \OT1/cmr/m/n/10 = \OML/
cmm/m/it/10 o\OT1/cmr/m/n/10 (\OML/cmm/m/it/10 h\OT1/cmr/m/n/10 )
 []


Overfull \hbox (28.39766pt too wide) detected at line 121
\OML/cmm/m/it/10 u\OT1/cmr/m/n/10 (\OML/cmm/m/it/10 x[] \OT1/cmr/m/n/10 + \OML/
cmm/m/it/10 h[]; y[] \OT1/cmr/m/n/10 + \OML/cmm/m/it/10 h[]\OT1/cmr/m/n/10 ) + 
\OML/cmm/m/it/10 iv\OT1/cmr/m/n/10 (\OML/cmm/m/it/10 x[] \OT1/cmr/m/n/10 + \OML
/cmm/m/it/10 h[]; y[] \OT1/cmr/m/n/10 + \OML/cmm/m/it/10 h[]\OT1/cmr/m/n/10 ) =
 \OML/cmm/m/it/10 u\OT1/cmr/m/n/10 (\OML/cmm/m/it/10 x[]; y[]\OT1/cmr/m/n/10 ) 
+ \OML/cmm/m/it/10 iv\OT1/cmr/m/n/10 (\OML/cmm/m/it/10 x[]; y[]\OT1/cmr/m/n/10 
) + (\OML/cmm/m/it/10  \OT1/cmr/m/n/10 + \OML/cmm/m/it/10 i^^L\OT1/cmr/m/n/10 
)(\OML/cmm/m/it/10 h[] \OT1/cmr/m/n/10 + \OML/cmm/m/it/10 ih[]\OT1/cmr/m/n/10 )
 + \OML/cmm/m/it/10 g[] \OT1/cmr/m/n/10 + \OML/cmm/m/it/10 ig[]
 []

) (./Lezione2/parsed_master.tex [7]
Underfull \hbox (badness 10000) in paragraph at lines 32--34

 []


Underfull \hbox (badness 10000) in paragraph at lines 35--37

 []

[8] [9]) (./Lezione3/parsed_master.tex
Underfull \hbox (badness 10000) in paragraph at lines 81--1

 []


Package hyperref Warning: Token not allowed in a PDF string (PDFDocEncoding):
(hyperref)                removing `math shift' on input line 8.


Package hyperref Warning: Token not allowed in a PDF string (PDFDocEncoding):
(hyperref)                removing `math shift' on input line 8.


Underfull \hbox (badness 10000) in paragraph at lines 16--22

 []

[10]
Underfull \hbox (badness 10000) in paragraph at lines 22--25

 []


Package hyperref Warning: Token not allowed in a PDF string (PDFDocEncoding):
(hyperref)                removing `math shift' on input line 37.


Package hyperref Warning: Token not allowed in a PDF string (PDFDocEncoding):
(hyperref)                removing `subscript' on input line 37.


Package hyperref Warning: Token not allowed in a PDF string (PDFDocEncoding):
(hyperref)                removing `math shift' on input line 37.

[11] [12]) (./Lezione4/parsed_master.tex
Underfull \hbox (badness 10000) in paragraph at lines 81--1

 []


Package hyperref Warning: Difference (2) between bookmark levels is greater 
(hyperref)                than one, level fixed on input line 7.

[13]) (./Lezione5/parsed_master.tex [14]

Package hyperref Warning: Difference (2) between bookmark levels is greater 
(hyperref)                than one, level fixed on input line 10.


Underfull \hbox (badness 10000) in paragraph at lines 26--29

 []

[15]
Underfull \hbox (badness 10000) in paragraph at lines 69--71

 []

) (./Lezione6/parsed_master.tex [16] [17] [18]) (./Lezione7/parsed_master.tex
[19] (./Lezione7/./figures/semicirconferenza.pdf_tex
<Lezione7/./figures//semicirconferenza.pdf, id=718, page=1, 682.86612pt x 341.4
3306pt>
File: Lezione7/./figures//semicirconferenza.pdf Graphic file (type pdf)
<use Lezione7/./figures//semicirconferenza.pdf, page 1>
Package pdftex.def Info: Lezione7/./figures//semicirconferenza.pdf , page1 used
 on input line 56.
(pdftex.def)             Requested size: 345.0pt x 172.50307pt.
<Lezione7/./figures//semicirconferenza.pdf, id=719, page=2, 682.86612pt x 341.4
3306pt>
File: Lezione7/./figures//semicirconferenza.pdf Graphic file (type pdf)
<use Lezione7/./figures//semicirconferenza.pdf, page 2>
Package pdftex.def Info: Lezione7/./figures//semicirconferenza.pdf , page2 used
 on input line 60.
(pdftex.def)             Requested size: 345.0pt x 172.50307pt.
) [20]
(./Lezione7/./figures/semicirconferenza.pdf_tex
File: Lezione7/./figures//semicirconferenza.pdf Graphic file (type pdf)
<use Lezione7/./figures//semicirconferenza.pdf, page 1>
Package pdftex.def Info: Lezione7/./figures//semicirconferenza.pdf , page1 used
 on input line 56.
(pdftex.def)             Requested size: 345.0pt x 172.50307pt.
File: Lezione7/./figures//semicirconferenza.pdf Graphic file (type pdf)
<use Lezione7/./figures//semicirconferenza.pdf, page 2>
Package pdftex.def Info: Lezione7/./figures//semicirconferenza.pdf , page2 used
 on input line 60.
(pdftex.def)             Requested size: 345.0pt x 172.50307pt.
) [21 <./Lezione7/./figures//semicirconferenza.pdf> <./Lezione7/./figures//semi
circonferenza.pdf>] [22]
(./Lezione7/./figures/quarto-tipo.pdf_tex
<Lezione7/./figures//quarto-tipo.pdf, id=741, page=1, 682.86612pt x 341.43306pt
>
File: Lezione7/./figures//quarto-tipo.pdf Graphic file (type pdf)
<use Lezione7/./figures//quarto-tipo.pdf, page 1>
Package pdftex.def Info: Lezione7/./figures//quarto-tipo.pdf , page1 used on in
put line 56.
(pdftex.def)             Requested size: 345.0pt x 172.50307pt.
) [23 <./Lezione7/./figures//quarto-tipo.pdf>]) (./Lezione8/parsed_master.tex [
24]

Package hyperref Warning: Difference (2) between bookmark levels is greater 
(hyperref)                than one, level fixed on input line 21.

[25]
Underfull \hbox (badness 10000) in paragraph at lines 66--72

 []

[26]
Underfull \hbox (badness 1715) in paragraph at lines 95--96
[]\T1/cmr/bx/n/10 Definizione: \T1/cmr/m/n/10 Sia $\OT1/cmr/m/n/10 (\OML/cmm/m/
it/10 V; \OMS/cmsy/m/n/10 k\OML/cmm/m/it/10 :\OMS/cmsy/m/n/10 k\OT1/cmr/m/n/10 
)$ \T1/cmr/m/n/10 uno spa-zio vet-to-ria-le nor-ma-to. Una
 []

[27]) (./Lezione9/parsed_master.tex (./Lezione9/./figures/lebesgue.pdf_tex
<Lezione9/./figures//lebesgue.pdf, id=790, page=1, 682.86612pt x 341.43306pt>
File: Lezione9/./figures//lebesgue.pdf Graphic file (type pdf)
<use Lezione9/./figures//lebesgue.pdf, page 1>
Package pdftex.def Info: Lezione9/./figures//lebesgue.pdf , page1 used on input
 line 56.
(pdftex.def)             Requested size: 345.0pt x 172.50307pt.
<Lezione9/./figures//lebesgue.pdf, id=791, page=2, 682.86612pt x 341.43306pt>
File: Lezione9/./figures//lebesgue.pdf Graphic file (type pdf)
<use Lezione9/./figures//lebesgue.pdf, page 2>
Package pdftex.def Info: Lezione9/./figures//lebesgue.pdf , page2 used on input
 line 59.
(pdftex.def)             Requested size: 345.0pt x 172.50307pt.
)

Package hyperref Warning: Difference (2) between bookmark levels is greater 
(hyperref)                than one, level fixed on input line 16.

[28 <./Lezione9/./figures//lebesgue.pdf> <./Lezione9/./figures//lebesgue.pdf>]
[29] [30] (./Lezione9/./figures/funzioni-di-segno-qualsiasi.pdf_tex
<Lezione9/./figures//funzioni-di-segno-qualsiasi.pdf, id=842, page=1, 682.86612
pt x 341.43306pt>
File: Lezione9/./figures//funzioni-di-segno-qualsiasi.pdf Graphic file (type pd
f)
<use Lezione9/./figures//funzioni-di-segno-qualsiasi.pdf, page 1>
Package pdftex.def Info: Lezione9/./figures//funzioni-di-segno-qualsiasi.pdf , 
page1 used on input line 56.
(pdftex.def)             Requested size: 345.0pt x 172.50307pt.
) [31 <./Lezione9/./figures//funzioni-di-segno-qualsiasi.pdf>] [32])
(./Lezione10/parsed_master.tex [33] (./Lezione10/./figures/disegno.pdf_tex
<Lezione10/./figures//disegno.pdf, id=860, page=1, 682.86612pt x 341.43306pt>
File: Lezione10/./figures//disegno.pdf Graphic file (type pdf)
<use Lezione10/./figures//disegno.pdf, page 1>
Package pdftex.def Info: Lezione10/./figures//disegno.pdf , page1 used on input
 line 57.
(pdftex.def)             Requested size: 345.0pt x 172.50307pt.
<Lezione10/./figures//disegno.pdf, id=861, page=2, 682.86612pt x 341.43306pt>
File: Lezione10/./figures//disegno.pdf Graphic file (type pdf)
<use Lezione10/./figures//disegno.pdf, page 2>
Package pdftex.def Info: Lezione10/./figures//disegno.pdf , page2 used on input
 line 60.
(pdftex.def)             Requested size: 345.0pt x 172.50307pt.
<Lezione10/./figures//disegno.pdf, id=862, page=3, 682.86612pt x 341.43306pt>
File: Lezione10/./figures//disegno.pdf Graphic file (type pdf)
<use Lezione10/./figures//disegno.pdf, page 3>
Package pdftex.def Info: Lezione10/./figures//disegno.pdf , page3 used on input
 line 63.
(pdftex.def)             Requested size: 345.0pt x 172.50307pt.
<Lezione10/./figures//disegno.pdf, id=863, page=4, 682.86612pt x 341.43306pt>
File: Lezione10/./figures//disegno.pdf Graphic file (type pdf)
<use Lezione10/./figures//disegno.pdf, page 4>
Package pdftex.def Info: Lezione10/./figures//disegno.pdf , page4 used on input
 line 66.
(pdftex.def)             Requested size: 345.0pt x 172.50307pt.
<Lezione10/./figures//disegno.pdf, id=864, page=5, 682.86612pt x 341.43306pt>
File: Lezione10/./figures//disegno.pdf Graphic file (type pdf)
<use Lezione10/./figures//disegno.pdf, page 5>
Package pdftex.def Info: Lezione10/./figures//disegno.pdf , page5 used on input
 line 69.
(pdftex.def)             Requested size: 345.0pt x 172.50307pt.
<Lezione10/./figures//disegno.pdf, id=865, page=6, 682.86612pt x 341.43306pt>
File: Lezione10/./figures//disegno.pdf Graphic file (type pdf)
<use Lezione10/./figures//disegno.pdf, page 6>
Package pdftex.def Info: Lezione10/./figures//disegno.pdf , page6 used on input
 line 72.
(pdftex.def)             Requested size: 345.0pt x 172.50307pt.
<Lezione10/./figures//disegno.pdf, id=866, page=7, 682.86612pt x 341.43306pt>
File: Lezione10/./figures//disegno.pdf Graphic file (type pdf)
<use Lezione10/./figures//disegno.pdf, page 7>
Package pdftex.def Info: Lezione10/./figures//disegno.pdf , page7 used on input
 line 74.
(pdftex.def)             Requested size: 345.0pt x 172.50307pt.
)
[34] [35 <./Lezione10/./figures//disegno.pdf> <./Lezione10/./figures//disegno.p
df> <./Lezione10/./figures//disegno.pdf> <./Lezione10/./figures//disegno.pdf> <
./Lezione10/./figures//disegno.pdf> <./Lezione10/./figures//disegno.pdf> <./Lez
ione10/./figures//disegno.pdf>]

Package hyperref Warning: Difference (2) between bookmark levels is greater 
(hyperref)                than one, level fixed on input line 105.

[36]

Package hyperref Warning: Token not allowed in a PDF string (PDFDocEncoding):
(hyperref)                removing `math shift' on input line 129.


Package hyperref Warning: Token not allowed in a PDF string (PDFDocEncoding):
(hyperref)                removing `superscript' on input line 129.


Package hyperref Warning: Token not allowed in a PDF string (PDFDocEncoding):
(hyperref)                removing `math shift' on input line 129.

) (./Lezione11/parsed_master.tex [37] [38]
(./Lezione11/./figures/esempio2.pdf_tex
<Lezione11/./figures//esempio2.pdf, id=895, page=1, 682.86612pt x 341.43306pt>
File: Lezione11/./figures//esempio2.pdf Graphic file (type pdf)
<use Lezione11/./figures//esempio2.pdf, page 1>
Package pdftex.def Info: Lezione11/./figures//esempio2.pdf , page1 used on inpu
t line 56.
(pdftex.def)             Requested size: 345.0pt x 172.50307pt.
<Lezione11/./figures//esempio2.pdf, id=896, page=2, 682.86612pt x 341.43306pt>
File: Lezione11/./figures//esempio2.pdf Graphic file (type pdf)
<use Lezione11/./figures//esempio2.pdf, page 2>
Package pdftex.def Info: Lezione11/./figures//esempio2.pdf , page2 used on inpu
t line 58.
(pdftex.def)             Requested size: 345.0pt x 172.50307pt.
)
(./Lezione11/./figures/controesempio3.pdf_tex
<Lezione11/./figures//controesempio3.pdf, id=897, page=1, 682.86612pt x 341.433
06pt>
File: Lezione11/./figures//controesempio3.pdf Graphic file (type pdf)
<use Lezione11/./figures//controesempio3.pdf, page 1>
Package pdftex.def Info: Lezione11/./figures//controesempio3.pdf , page1 used o
n input line 56.
(pdftex.def)             Requested size: 345.0pt x 172.50307pt.
<Lezione11/./figures//controesempio3.pdf, id=898, page=2, 682.86612pt x 341.433
06pt>
File: Lezione11/./figures//controesempio3.pdf Graphic file (type pdf)
<use Lezione11/./figures//controesempio3.pdf, page 2>
Package pdftex.def Info: Lezione11/./figures//controesempio3.pdf , page2 used o
n input line 58.
(pdftex.def)             Requested size: 345.0pt x 172.50307pt.
) [39 <./Lezione11/./figures//esempio2.pdf> <./Lezione11/./figures//esempio2.pd
f>] [40 <./Lezione11/./figures//controesempio3.pdf> <./Lezione11/./figures//con
troesempio3.pdf>])
(./Lezione12/parsed_master.tex

Package hyperref Warning: Token not allowed in a PDF string (PDFDocEncoding):
(hyperref)                removing `math shift' on input line 2.


Package hyperref Warning: Token not allowed in a PDF string (PDFDocEncoding):
(hyperref)                removing `subscript' on input line 2.


Package hyperref Warning: Token not allowed in a PDF string (PDFDocEncoding):
(hyperref)                removing `math shift' on input line 2.

[41] [42]
Underfull \hbox (badness 10000) in paragraph at lines 77--84

 []

[43] (./Lezione12/./figures/scaladicantor.pdf_tex
<Lezione12/./figures//scaladicantor.pdf, id=935, page=1, 682.86612pt x 341.4330
6pt>
File: Lezione12/./figures//scaladicantor.pdf Graphic file (type pdf)
<use Lezione12/./figures//scaladicantor.pdf, page 1>
Package pdftex.def Info: Lezione12/./figures//scaladicantor.pdf , page1 used on
 input line 56.
(pdftex.def)             Requested size: 345.0pt x 172.50307pt.
<Lezione12/./figures//scaladicantor.pdf, id=936, page=2, 682.86612pt x 341.4330
6pt>
File: Lezione12/./figures//scaladicantor.pdf Graphic file (type pdf)
<use Lezione12/./figures//scaladicantor.pdf, page 2>
Package pdftex.def Info: Lezione12/./figures//scaladicantor.pdf , page2 used on
 input line 64.
(pdftex.def)             Requested size: 345.0pt x 172.50307pt.
) [44] [45 <./Lezione12/./figures//scaladicantor.pdf> <./Lezione12/./figures//s
caladicantor.pdf>])
(./Lezione13/parsed_master.tex [46] [47]
Overfull \hbox (8.47336pt too wide) in paragraph at lines 77--84
\T1/cmr/m/n/10 ovvero, per de-fi-ni-zio-ne, la più pic-co-la co-stan-te $\OML/c
mm/m/it/10 M$ \T1/cmr/m/n/10 ta-le che $\OMS/cmsy/m/n/10 k\OML/cmm/m/it/10 T\OT
1/cmr/m/n/10 (\OML/cmm/m/it/10 v\OT1/cmr/m/n/10 )\OMS/cmsy/m/n/10 k[] ^^T \OML/
cmm/m/it/10 M\OMS/cmsy/m/n/10 k\OML/cmm/m/it/10 v\OMS/cmsy/m/n/10 k[] 8\OML/cmm
/m/it/10 v \OMS/cmsy/m/n/10 2
 []

) (./Lezione14/parsed_master.tex [48] [49]
Overfull \hbox (5.05695pt too wide) in paragraph at lines 51--55
\T1/cmr/m/n/10 In par-ti-co-la-re, pos-sia-mo as-so-cia-re una di-stri-bu-zio-n
e a qual-sia-si $\OML/cmm/m/it/10 u \OMS/cmsy/m/n/10 2 \OML/cmm/m/it/10 L[]\OT1
/cmr/m/n/10 (
)[]\OML/cmm/m/it/10 p \OMS/cmsy/m/n/10 2
 []


Underfull \hbox (badness 10000) in paragraph at lines 61--64

 []


Underfull \hbox (badness 10000) in paragraph at lines 71--73

 []

[50] (./Lezione14/./figures/dirac.pdf_tex
<Lezione14/./figures//dirac.pdf, id=972, page=1, 682.86612pt x 341.43306pt>
File: Lezione14/./figures//dirac.pdf Graphic file (type pdf)
<use Lezione14/./figures//dirac.pdf, page 1>
Package pdftex.def Info: Lezione14/./figures//dirac.pdf , page1 used on input l
ine 56.
(pdftex.def)             Requested size: 345.0pt x 172.50307pt.
) [51 <./Lezione14/./figures//dirac.pdf>] [52]) (./Lezione15/parsed_master.tex 
[53] [54]
Overfull \hbox (12.83525pt too wide) detected at line 94
\OT1/cmr/m/n/10 = \OMS/cmsy/m/n/10 f\OML/cmm/m/it/10 u \OMS/cmsy/m/n/10 2 \OML/
cmm/m/it/10 W[]\OT1/cmr/m/n/10 (
) : \OMS/cmsy/m/n/10 9f\OML/cmm/m/it/10 '[]\OMS/cmsy/m/n/10 g ^^R D\OT1/cmr/m/n
/10 (
)[]\OML/cmm/m/it/10 '[] \OMS/cmsy/m/n/10 ! \OML/cmm/m/it/10 u[]L[][][] \OMS/cms
y/m/n/10 ! \OML/cmm/m/it/10 u[]L[]\OMS/cmsy/m/n/10 g
 []

[55]

Package hyperref Warning: Difference (2) between bookmark levels is greater 
(hyperref)                than one, level fixed on input line 99.


Underfull \hbox (badness 10000) in paragraph at lines 110--114

 []

) (./Lezione16/parsed_master.tex [56] [57]
(./Lezione16/./figures/parallelogramma.pdf_tex
<Lezione16/./figures//parallelogramma.pdf, id=1013, page=1, 682.86612pt x 341.4
3306pt>
File: Lezione16/./figures//parallelogramma.pdf Graphic file (type pdf)
<use Lezione16/./figures//parallelogramma.pdf, page 1>
Package pdftex.def Info: Lezione16/./figures//parallelogramma.pdf , page1 used 
on input line 56.
(pdftex.def)             Requested size: 345.0pt x 172.50307pt.
<Lezione16/./figures//parallelogramma.pdf, id=1014, page=2, 682.86612pt x 341.4
3306pt>
File: Lezione16/./figures//parallelogramma.pdf Graphic file (type pdf)
<use Lezione16/./figures//parallelogramma.pdf, page 2>
Package pdftex.def Info: Lezione16/./figures//parallelogramma.pdf , page2 used 
on input line 60.
(pdftex.def)             Requested size: 345.0pt x 172.50307pt.
)
Overfull \hbox (112.74602pt too wide) detected at line 61
\OMS/cmsy/m/n/10 k\OML/cmm/m/it/10 x \OT1/cmr/m/n/10 + \OML/cmm/m/it/10 y\OMS/c
msy/m/n/10 k[] \OT1/cmr/m/n/10 + \OMS/cmsy/m/n/10 k\OML/cmm/m/it/10 x \OMS/cmsy
/m/n/10 ^^@ \OML/cmm/m/it/10 y\OMS/cmsy/m/n/10 k[] \OT1/cmr/m/n/10 = (\OML/cmm/
m/it/10 x \OT1/cmr/m/n/10 + \OML/cmm/m/it/10 y; x \OT1/cmr/m/n/10 + \OML/cmm/m/
it/10 y\OT1/cmr/m/n/10 ) + (\OML/cmm/m/it/10 x \OMS/cmsy/m/n/10 ^^@ \OML/cmm/m/
it/10 y; x \OMS/cmsy/m/n/10 ^^@ \OML/cmm/m/it/10 y\OT1/cmr/m/n/10 ) = \OMS/cmsy
/m/n/10 k\OML/cmm/m/it/10 x\OMS/cmsy/m/n/10 k[] \OT1/cmr/m/n/10 + 2(\OML/cmm/m/
it/10 x \OMS/cmsy/m/n/10 ^^@ \OML/cmm/m/it/10 y\OT1/cmr/m/n/10 ) + \OMS/cmsy/m/
n/10 k\OML/cmm/m/it/10 y\OMS/cmsy/m/n/10 k[] \OT1/cmr/m/n/10 + \OMS/cmsy/m/n/10
 k\OML/cmm/m/it/10 x\OMS/cmsy/m/n/10 k[] ^^@ \OT1/cmr/m/n/10 2(\OML/cmm/m/it/10
 x; y\OT1/cmr/m/n/10 ) + \OMS/cmsy/m/n/10 k\OML/cmm/m/it/10 y\OMS/cmsy/m/n/10 k
[] \OT1/cmr/m/n/10 = 2\OMS/cmsy/m/n/10 k\OML/cmm/m/it/10 x\OMS/cmsy/m/n/10 k[] 
\OT1/cmr/m/n/10 + 2\OMS/cmsy/m/n/10 k\OML/cmm/m/it/10 y\OMS/cmsy/m/n/10 k[]
 []

[58 <./Lezione16/./figures//parallelogramma.pdf> <./Lezione16/./figures//parall
elogramma.pdf>] (./Lezione16/./figures/convesso.pdf_tex
<Lezione16/./figures//convesso.pdf, id=1022, page=1, 682.86612pt x 341.43306pt>

File: Lezione16/./figures//convesso.pdf Graphic file (type pdf)
<use Lezione16/./figures//convesso.pdf, page 1>
Package pdftex.def Info: Lezione16/./figures//convesso.pdf , page1 used on inpu
t line 56.
(pdftex.def)             Requested size: 345.0pt x 172.50307pt.
<Lezione16/./figures//convesso.pdf, id=1023, page=2, 682.86612pt x 341.43306pt>

File: Lezione16/./figures//convesso.pdf Graphic file (type pdf)
<use Lezione16/./figures//convesso.pdf, page 2>
Package pdftex.def Info: Lezione16/./figures//convesso.pdf , page2 used on inpu
t line 59.
(pdftex.def)             Requested size: 345.0pt x 172.50307pt.
<Lezione16/./figures//convesso.pdf, id=1024, page=3, 682.86612pt x 341.43306pt>

File: Lezione16/./figures//convesso.pdf Graphic file (type pdf)
<use Lezione16/./figures//convesso.pdf, page 3>
Package pdftex.def Info: Lezione16/./figures//convesso.pdf , page3 used on inpu
t line 61.
(pdftex.def)             Requested size: 345.0pt x 172.50307pt.
<Lezione16/./figures//convesso.pdf, id=1025, page=4, 682.86612pt x 341.43306pt>

File: Lezione16/./figures//convesso.pdf Graphic file (type pdf)
<use Lezione16/./figures//convesso.pdf, page 4>
Package pdftex.def Info: Lezione16/./figures//convesso.pdf , page4 used on inpu
t line 63.
(pdftex.def)             Requested size: 345.0pt x 172.50307pt.
<Lezione16/./figures//convesso.pdf, id=1026, page=5, 682.86612pt x 341.43306pt>

File: Lezione16/./figures//convesso.pdf Graphic file (type pdf)
<use Lezione16/./figures//convesso.pdf, page 5>
Package pdftex.def Info: Lezione16/./figures//convesso.pdf , page5 used on inpu
t line 65.
(pdftex.def)             Requested size: 345.0pt x 172.50307pt.
)
(./Lezione16/./figures/sottchiuso.pdf_tex
<Lezione16/./figures//sottchiuso.pdf, id=1027, page=1, 682.86612pt x 341.43306p
t>
File: Lezione16/./figures//sottchiuso.pdf Graphic file (type pdf)
<use Lezione16/./figures//sottchiuso.pdf, page 1>
Package pdftex.def Info: Lezione16/./figures//sottchiuso.pdf , page1 used on in
put line 56.
(pdftex.def)             Requested size: 345.0pt x 172.50307pt.
<Lezione16/./figures//sottchiuso.pdf, id=1028, page=2, 682.86612pt x 341.43306p
t>
File: Lezione16/./figures//sottchiuso.pdf Graphic file (type pdf)
<use Lezione16/./figures//sottchiuso.pdf, page 2>
Package pdftex.def Info: Lezione16/./figures//sottchiuso.pdf , page2 used on in
put line 58.
(pdftex.def)             Requested size: 345.0pt x 172.50307pt.
<Lezione16/./figures//sottchiuso.pdf, id=1029, page=3, 682.86612pt x 341.43306p
t>
File: Lezione16/./figures//sottchiuso.pdf Graphic file (type pdf)
<use Lezione16/./figures//sottchiuso.pdf, page 3>
Package pdftex.def Info: Lezione16/./figures//sottchiuso.pdf , page3 used on in
put line 60.
(pdftex.def)             Requested size: 345.0pt x 172.50307pt.
) [59] [60 <./Lezione16/./figures//convesso.pdf> <./Lezione16/./figures//conves
so.pdf> <./Lezione16/./figures//convesso.pdf> <./Lezione16/./figures//convesso.
pdf> <./Lezione16/./figures//convesso.pdf> <./Lezione16/./figures//sottchiuso.p
df> <./Lezione16/./figures//sottchiuso.pdf> <./Lezione16/./figures//sottchiuso.
pdf>] [61] [62] [63]

Package hyperref Warning: Token not allowed in a PDF string (PDFDocEncoding):
(hyperref)                removing `math shift' on input line 261.


Package hyperref Warning: Token not allowed in a PDF string (PDFDocEncoding):
(hyperref)                removing `math shift' on input line 261.

[64]) (./Lezione17/parsed_master.tex [65] [66] [67] [68] [69]

Package hyperref Warning: Difference (2) between bookmark levels is greater 
(hyperref)                than one, level fixed on input line 195.

[70] [71]) (./Lezione18/parsed_master.tex [72]

Package hyperref Warning: Token not allowed in a PDF string (PDFDocEncoding):
(hyperref)                removing `math shift' on input line 2.


Package hyperref Warning: Token not allowed in a PDF string (PDFDocEncoding):
(hyperref)                removing `superscript' on input line 2.


Package hyperref Warning: Token not allowed in a PDF string (PDFDocEncoding):
(hyperref)                removing `math shift' on input line 2.


Package hyperref Warning: Difference (2) between bookmark levels is greater 
(hyperref)                than one, level fixed on input line 12.

[73] [74]

LaTeX Warning: Command \` invalid in math mode on input line 88.

Missing character: There is no ì in font cmr10!
[75]) (./Lezione19/parsed_master.tex [76]
Overfull \hbox (7.82738pt too wide) in paragraph at lines 41--43
\T1/cmr/m/n/10 Partendo da $\OML/cmm/m/it/10 u\OT1/cmr/m/n/10 (\OML/cmm/m/it/10
 x\OT1/cmr/m/n/10 ) = \OML/cmm/m/it/10 e[]$ \T1/cmr/m/n/10 tra-sfor-man-do due 
vol-te si ot-tie-ne $[]\OML/cmm/m/it/10 u\OT1/cmr/m/n/10 (\OML/cmm/m/it/10 x\OT
1/cmr/m/n/10 ) = 2\OML/cmm/m/it/10 ^^Ye[] \OT1/cmr/m/n/10 =
 []

[77] [78] [79]) (./Lezione20/parsed_master.tex [80]

Package hyperref Warning: Token not allowed in a PDF string (PDFDocEncoding):
(hyperref)                removing `math shift' on input line 14.


Package hyperref Warning: Token not allowed in a PDF string (PDFDocEncoding):
(hyperref)                removing `superscript' on input line 14.


Package hyperref Warning: Token not allowed in a PDF string (PDFDocEncoding):
(hyperref)                removing `math shift' on input line 14.


Package hyperref Warning: Token not allowed in a PDF string (PDFDocEncoding):
(hyperref)                removing `math shift' on input line 26.


Package hyperref Warning: Token not allowed in a PDF string (PDFDocEncoding):
(hyperref)                removing `superscript' on input line 26.


Package hyperref Warning: Token not allowed in a PDF string (PDFDocEncoding):
(hyperref)                removing `math shift' on input line 26.

[81]

Package hyperref Warning: Token not allowed in a PDF string (PDFDocEncoding):
(hyperref)                removing `math shift' on input line 60.


Package hyperref Warning: Token not allowed in a PDF string (PDFDocEncoding):
(hyperref)                removing `math shift' on input line 60.


Package hyperref Warning: Token not allowed in a PDF string (PDFDocEncoding):
(hyperref)                removing `math shift' on input line 60.


Package hyperref Warning: Token not allowed in a PDF string (PDFDocEncoding):
(hyperref)                removing `math shift' on input line 60.

[82]) (./Lezione21/parsed_master.tex [83] [84] [85])
(./Lezione22/parsed_master.tex [86] [87]
Overfull \hbox (12.86002pt too wide) detected at line 65
\OMS/cmsy/m/n/10 k\OML/cmm/m/it/10 u\OT1/cmr/m/n/10 (\OML/cmm/m/it/10 x; t\OT1/
cmr/m/n/10 ) \OMS/cmsy/m/n/10 ^^@ \OML/cmm/m/it/10 u[]\OT1/cmr/m/n/10 (\OML/cmm
/m/it/10 x\OT1/cmr/m/n/10 )\OMS/cmsy/m/n/10 k[] \OT1/cmr/m/n/10 = (2\OML/cmm/m/
it/10 ^^Y\OT1/cmr/m/n/10 )[]\OMS/cmsy/m/n/10 k[]\OT1/cmr/m/n/10 (\OML/cmm/m/it/
10 ^^X; t\OT1/cmr/m/n/10 ) \OMS/cmsy/m/n/10 ^^@ []\OT1/cmr/m/n/10 (\OML/cmm/m/i
t/10 ^^X\OT1/cmr/m/n/10 )\OMS/cmsy/m/n/10 k[] \OT1/cmr/m/n/10 = (2\OML/cmm/m/it
/10 ^^Y\OT1/cmr/m/n/10 )[] [][] \OMS/cmsy/m/n/10 j[]\OT1/cmr/m/n/10 (\OML/cmm/m
/it/10 ^^X; t\OT1/cmr/m/n/10 ) \OMS/cmsy/m/n/10 ^^@ []\OT1/cmr/m/n/10 (\OML/cmm
/m/it/10 ^^X\OT1/cmr/m/n/10 )\OMS/cmsy/m/n/10 j[]\OML/cmm/m/it/10 d^^X
 []

[88]) [89] (./master.aux)

LaTeX Warning: There were multiply-defined labels.

Package rerunfilecheck Info: File `master.out' has not changed.
(rerunfilecheck)             Checksum: ABD8F07DB4926517FEB42FF6BBB3C12A;9623.
 ) 
Here is how much of TeX's memory you used:
 19460 strings out of 479304
 356876 string characters out of 5869780
 666270 words of memory out of 5000000
 35786 multiletter control sequences out of 15000+600000
 419264 words of font info for 70 fonts, out of 8000000 for 9000
 1141 hyphenation exceptions out of 8191
 112i,18n,116p,441b,491s stack positions out of 5000i,500n,10000p,200000b,80000s
{/usr/share/texmf/fonts/enc/dvips/cm-super/cm-super-t1.enc}{/usr/share/texmf/
fonts/enc/dvips/cm-super/cm-super-ts1.enc}</usr/share/texlive/texmf-dist/fonts/
type1/public/amsfonts/cm/cmex10.pfb></usr/share/texlive/texmf-dist/fonts/type1/
public/amsfonts/cm/cmmi10.pfb></usr/share/texlive/texmf-dist/fonts/type1/public
/amsfonts/cm/cmmi12.pfb></usr/share/texlive/texmf-dist/fonts/type1/public/amsfo
nts/cm/cmmi5.pfb></usr/share/texlive/texmf-dist/fonts/type1/public/amsfonts/cm/
cmmi7.pfb></usr/share/texlive/texmf-dist/fonts/type1/public/amsfonts/cm/cmmi8.p
fb></usr/share/texlive/texmf-dist/fonts/type1/public/amsfonts/cm/cmr10.pfb></us
r/share/texlive/texmf-dist/fonts/type1/public/amsfonts/cm/cmr5.pfb></usr/share/
texlive/texmf-dist/fonts/type1/public/amsfonts/cm/cmr7.pfb></usr/share/texlive/
texmf-dist/fonts/type1/public/amsfonts/cm/cmr8.pfb></usr/share/texlive/texmf-di
st/fonts/type1/public/amsfonts/cm/cmsy10.pfb></usr/share/texlive/texmf-dist/fon
ts/type1/public/amsfonts/cm/cmsy5.pfb></usr/share/texlive/texmf-dist/fonts/type
1/public/amsfonts/cm/cmsy7.pfb></usr/share/texlive/texmf-dist/fonts/type1/publi
c/amsfonts/symbols/msbm10.pfb></usr/share/texlive/texmf-dist/fonts/type1/public
/amsfonts/symbols/msbm7.pfb></usr/share/texmf/fonts/type1/public/cm-super/sfbx1
000.pfb></usr/share/texmf/fonts/type1/public/cm-super/sfbx1200.pfb></usr/share/
texmf/fonts/type1/public/cm-super/sfbx1440.pfb></usr/share/texmf/fonts/type1/pu
blic/cm-super/sfrm0500.pfb></usr/share/texmf/fonts/type1/public/cm-super/sfrm07
00.pfb></usr/share/texmf/fonts/type1/public/cm-super/sfrm1000.pfb></usr/share/t
exmf/fonts/type1/public/cm-super/sfrm1200.pfb></usr/share/texmf/fonts/type1/pub
lic/cm-super/sfrm1728.pfb></usr/share/texmf/fonts/type1/public/cm-super/sfti100
0.pfb>
Output written on master.pdf (89 pages, 649509 bytes).
PDF statistics:
 1382 PDF objects out of 1440 (max. 8388607)
 1205 compressed objects within 13 object streams
 321 named destinations out of 1000 (max. 500000)
 1115 words of extra memory for PDF output out of 10000 (max. 10000000)

